Started GET "/" for ::1 at 2019-10-02 13:09:02 -0500
Started GET "/" for ::1 at 2019-10-02 13:09:02 -0500
MONGODB | EVENT: #<TopologyOpening topology=Unknown[]>
MONGODB | Topology type 'unknown' initializing.
MONGODB | EVENT: #<TopologyChanged prev=Unknown[] new=Unknown[localhost:27017]>
MONGODB | Topology type 'Unknown' changed to type 'Unknown'.
MONGODB | EVENT: #<ServerOpening address=localhost:27017 topology=Unknown[localhost:27017]>
MONGODB | Server localhost:27017 initializing.
MONGODB | EVENT: #<ServerDescriptionChanged address=localhost:27017 topology=Single[localhost:27017] prev=#<Mongo::Server:Description:0x59050720 config={} average_round_trip_time=> new=#<Mongo::Server:Description:0x58563520 config={"ismaster"=>true, "maxBsonObjectSize"=>16777216, "maxMessageSizeBytes"=>48000000, "maxWriteBatchSize"=>100000, "localTime"=>2019-10-02 18:16:08 UTC, "logicalSessionTimeoutMinutes"=>30, "connectionId"=>50, "minWireVersion"=>0, "maxWireVersion"=>8, "readOnly"=>false, "ok"=>1.0} average_round_trip_time=2.8761645>>
MONGODB | Server description for localhost:27017 changed from 'unknown' to 'standalone'.
MONGODB | EVENT: #<TopologyChanged prev=Unknown[localhost:27017] new=Single[localhost:27017]>
MONGODB | Topology type 'Unknown' changed to type 'Single'.
MONGODB | EVENT: #<ServerDescriptionChanged address=localhost:27017 topology=Single[localhost:27017] prev=#<Mongo::Server:Description:0x58563520 config={"ismaster"=>true, "maxBsonObjectSize"=>16777216, "maxMessageSizeBytes"=>48000000, "maxWriteBatchSize"=>100000, "localTime"=>2019-10-02 18:16:08 UTC, "logicalSessionTimeoutMinutes"=>30, "connectionId"=>50, "minWireVersion"=>0, "maxWireVersion"=>8, "readOnly"=>false, "ok"=>1.0} average_round_trip_time=2.8761645> new=#<Mongo::Server:Description:0x57985360 config={"ismaster"=>true, "maxBsonObjectSize"=>16777216, "maxMessageSizeBytes"=>48000000, "maxWriteBatchSize"=>100000, "localTime"=>2019-10-02 18:16:08 UTC, "logicalSessionTimeoutMinutes"=>30, "connectionId"=>52, "minWireVersion"=>0, "maxWireVersion"=>8, "readOnly"=>false, "ok"=>1.0} average_round_trip_time=2.3051318399999996>>
MONGODB | Server description for localhost:27017 changed from 'standalone' to 'standalone'.
MONGODB | EVENT: #<TopologyChanged prev=Single[localhost:27017] new=Single[localhost:27017]>
MONGODB | Topology type 'Single' changed to type 'Single'.
MONGODB | localhost:27017 | queuetify_development.insert | STARTED | {"insert"=>"users", "ordered"=>true, "documents"=>[{"_id"=>BSON::ObjectId('5d94e96875b7842e5ca86d5c'), "first_name"=>"Andrew", "last_name"=>"Waller"}], "lsid"=>{"id"=><BSON::Binary:0x58128880 type=uuid data=0xf98fc5399ea3405a...>}}
MONGODB | localhost:27017 | queuetify_development.insert | SUCCEEDED | 1.070s
MONGODB | EVENT: #<ServerDescriptionChanged address=localhost:27017 topology=Single[localhost:27017] prev=#<Mongo::Server:Description:0x57985360 config={"ismaster"=>true, "maxBsonObjectSize"=>16777216, "maxMessageSizeBytes"=>48000000, "maxWriteBatchSize"=>100000, "localTime"=>2019-10-02 18:16:08 UTC, "logicalSessionTimeoutMinutes"=>30, "connectionId"=>52, "minWireVersion"=>0, "maxWireVersion"=>8, "readOnly"=>false, "ok"=>1.0} average_round_trip_time=2.3051318399999996> new=#<Mongo::Server:Description:0x74707240 config={"ismaster"=>true, "maxBsonObjectSize"=>16777216, "maxMessageSizeBytes"=>48000000, "maxWriteBatchSize"=>100000, "localTime"=>2019-10-02 18:16:18 UTC, "logicalSessionTimeoutMinutes"=>30, "connectionId"=>50, "minWireVersion"=>0, "maxWireVersion"=>8, "readOnly"=>false, "ok"=>1.0} average_round_trip_time=1.8461055919999998>>
MONGODB | Server description for localhost:27017 changed from 'standalone' to 'standalone'.
MONGODB | EVENT: #<TopologyChanged prev=Single[localhost:27017] new=Single[localhost:27017]>
MONGODB | Topology type 'Single' changed to type 'Single'.
MONGODB | localhost:27017 | queuetify_development.find | STARTED | {"find"=>"users", "filter"=>{}, "sort"=>{"_id"=>1}, "limit"=>1, "singleBatch"=>true, "lsid"=>{"id"=><BSON::Binary:0x58128880 type=uuid data=0xf98fc5399ea3405a...>}}
MONGODB | localhost:27017 | queuetify_development.find | SUCCEEDED | 0.390s
MONGODB | localhost:27017 | queuetify_development.find | STARTED | {"find"=>"playlists", "filter"=>{}, "sort"=>{"_id"=>1}, "limit"=>1, "singleBatch"=>true, "lsid"=>{"id"=><BSON::Binary:0x58128880 type=uuid data=0xf98fc5399ea3405a...>}}
MONGODB | localhost:27017 | queuetify_development.find | SUCCEEDED | 0.060s
MONGODB | EVENT: #<ServerDescriptionChanged address=localhost:27017 topology=Single[localhost:27017] prev=#<Mongo::Server:Description:0x64647000 config={"ismaster"=>true, "maxBsonObjectSize"=>16777216, "maxMessageSizeBytes"=>48000000, "maxWriteBatchSize"=>100000, "localTime"=>2019-10-02 18:17:38 UTC, "logicalSessionTimeoutMinutes"=>30, "connectionId"=>50, "minWireVersion"=>0, "maxWireVersion"=>8, "readOnly"=>false, "ok"=>1.0} average_round_trip_time=0.3181203430830389> new=#<Mongo::Server:Description:0x74936160 config={"ismaster"=>true, "maxBsonObjectSize"=>16777216, "maxMessageSizeBytes"=>48000000, "maxWriteBatchSize"=>100000, "localTime"=>2019-10-02 18:17:46 UTC, "logicalSessionTimeoutMinutes"=>30, "connectionId"=>54, "minWireVersion"=>0, "maxWireVersion"=>8, "readOnly"=>false, "ok"=>1.0} average_round_trip_time=0.26469685446643115>>
MONGODB | Server description for localhost:27017 changed from 'standalone' to 'standalone'.
MONGODB | EVENT: #<TopologyChanged prev=Single[localhost:27017] new=Single[localhost:27017]>
MONGODB | Topology type 'Single' changed to type 'Single'.
MONGODB | localhost:27017 | admin.endSessions | STARTED | {"endSessions"=>[{"id"=><BSON::Binary:0x58128880 type=uuid data=0xf98fc5399ea3405a...>}]}
MONGODB | localhost:27017 | admin.endSessions | SUCCEEDED | 0.300s
